C:\USERS\JOE\DESKTOP\CRENDER\BUILD\INTERMEDIATE\PUBLIC_RELEASE\MAIN.OBJ
C:\USERS\JOE\DESKTOP\CRENDER\BUILD\INTERMEDIATE\PUBLIC_RELEASE\HELPERS.OBJ
C:\USERS\JOE\DESKTOP\CRENDER\BUILD\INTERMEDIATE\PUBLIC_RELEASE\GRAPHICS.OBJ
C:\USERS\JOE\DESKTOP\CRENDER\BUILD\INTERMEDIATE\PUBLIC_RELEASE\GLOBALS.OBJ
C:\USERS\JOE\DESKTOP\CRENDER\BUILD\INTERMEDIATE\PUBLIC_RELEASE\TIME.OBJ
C:\USERS\JOE\DESKTOP\CRENDER\BUILD\INTERMEDIATE\PUBLIC_RELEASE\MODEL.OBJ
C:\USERS\JOE\DESKTOP\CRENDER\BUILD\INTERMEDIATE\PUBLIC_RELEASE\VC100.PDB
C:\USERS\JOE\DESKTOP\CRENDER\BUILD\INTERMEDIATE\PUBLIC_RELEASE\LODEPNG.OBJ
C:\USERS\JOE\DESKTOP\CRENDER\BUILD\INTERMEDIATE\PUBLIC_RELEASE\TEXTURE.OBJ
C:\USERS\JOE\DESKTOP\DESKTOP\CRENDER\BUILD\INTERMEDIATE\PUBLIC_RELEASE\LODEPNG.OBJ
C:\USERS\JOE\DESKTOP\DESKTOP\CRENDER\BUILD\INTERMEDIATE\PUBLIC_RELEASE\HELPERS.OBJ
C:\USERS\JOE\DESKTOP\DESKTOP\CRENDER\BUILD\INTERMEDIATE\PUBLIC_RELEASE\GLOBALS.OBJ
C:\USERS\JOE\DESKTOP\DESKTOP\CRENDER\BUILD\INTERMEDIATE\PUBLIC_RELEASE\GRAPHICS.OBJ
C:\USERS\JOE\DESKTOP\DESKTOP\CRENDER\BUILD\INTERMEDIATE\PUBLIC_RELEASE\MAIN.OBJ
C:\USERS\JOE\DESKTOP\DESKTOP\CRENDER\BUILD\INTERMEDIATE\PUBLIC_RELEASE\TIME.OBJ
C:\USERS\JOE\DESKTOP\CRENDER\BUILD\PUBLIC_RELEASE\CRENDER.EXE
C:\USERS\JOE\DESKTOP\CRENDER\BUILD\INTERMEDIATE\PUBLIC_RELEASE\CRENDER.EXE.INTERMEDIATE.MANIFEST
C:\USERS\JOE\DESKTOP\CRENDER\BUILD\PUBLIC_RELEASE\CRENDER.PDB
C:\Users\Joe\Desktop\CRender\Build\Intermediate\PUBLIC_RELEASE\CRender.vcxprojResolveAssemblyReference.cache
C:\Users\Joe\Desktop\CRender\Build\Intermediate\PUBLIC_RELEASE\Globals.obj
C:\Users\Joe\Desktop\CRender\Build\Intermediate\PUBLIC_RELEASE\Graphics.obj
C:\Users\Joe\Desktop\CRender\Build\Intermediate\PUBLIC_RELEASE\Helpers.obj
C:\Users\Joe\Desktop\CRender\Build\Intermediate\PUBLIC_RELEASE\lodepng.obj
C:\Users\Joe\Desktop\CRender\Build\Intermediate\PUBLIC_RELEASE\main.obj
C:\Users\Joe\Desktop\CRender\Build\Intermediate\PUBLIC_RELEASE\Model.obj
C:\Users\Joe\Desktop\CRender\Build\Intermediate\PUBLIC_RELEASE\Texture.obj
C:\Users\Joe\Desktop\CRender\Build\Intermediate\PUBLIC_RELEASE\Time.obj
C:\Users\Joe\Desktop\CRender\Build\Intermediate\PUBLIC_RELEASE\cl.command.1.tlog
C:\Users\Joe\Desktop\CRender\Build\Intermediate\PUBLIC_RELEASE\CL.read.1.tlog
C:\Users\Joe\Desktop\CRender\Build\Intermediate\PUBLIC_RELEASE\CL.write.1.tlog
C:\Users\Joe\Desktop\CRender\Build\Intermediate\PUBLIC_RELEASE\CRender.write.1.tlog
C:\Users\Joe\Desktop\CRender\Build\Intermediate\PUBLIC_RELEASE\link.command.1.tlog
C:\Users\Joe\Desktop\CRender\Build\Intermediate\PUBLIC_RELEASE\link.read.1.tlog
C:\Users\Joe\Desktop\CRender\Build\Intermediate\PUBLIC_RELEASE\link.write.1.tlog
C:\Users\Joe\Desktop\CRender\Build\Intermediate\PUBLIC_RELEASE\mt.command.1.tlog
C:\Users\Joe\Desktop\CRender\Build\Intermediate\PUBLIC_RELEASE\mt.read.1.tlog
C:\Users\Joe\Desktop\CRender\Build\Intermediate\PUBLIC_RELEASE\mt.write.1.tlog
C:\Users\Joe\Desktop\CRender\Build\Intermediate\PUBLIC_RELEASE\CRender.exe.intermediate.manifest
C:\Users\Joe\Desktop\CRender\Build\Intermediate\PUBLIC_RELEASE\vc100.pdb
C:\Users\Joe\Desktop\CRender\.\Build/PUBLIC_RELEASE\CRender.exe
