C:\USERS\JOE\DESKTOP\CRENDER\BUILD\INTERMEDIATE\DEBUG\GLOBALS.OBJ
C:\USERS\JOE\DESKTOP\CRENDER\BUILD\INTERMEDIATE\DEBUG\GRAPHICS.OBJ
C:\USERS\JOE\DESKTOP\CRENDER\BUILD\INTERMEDIATE\DEBUG\HELPERS.OBJ
C:\USERS\JOE\DESKTOP\CRENDER\BUILD\INTERMEDIATE\DEBUG\MAIN.OBJ
C:\USERS\JOE\DESKTOP\CRENDER\BUILD\INTERMEDIATE\DEBUG\VC100.PDB
C:\USERS\JOE\DESKTOP\CRENDER\BUILD\INTERMEDIATE\DEBUG\VC110.PDB
C:\USERS\JOE\DESKTOP\CRENDER\BUILD\INTERMEDIATE\DEBUG\MODEL.OBJ
C:\USERS\JOE\DESKTOP\CRENDER\BUILD\INTERMEDIATE\DEBUG\TIME.OBJ
C:\USERS\JOE\DESKTOP\CRENDER\BUILD\INTERMEDIATE\DEBUG\LODEPNG.OBJ
C:\USERS\JOE\DESKTOP\CRENDER\BUILD\INTERMEDIATE\DEBUG\MAT3.OBJ
C:\USERS\JOE\DESKTOP\CRENDER\BUILD\INTERMEDIATE\DEBUG\STR.OBJ
C:\USERS\JOE\DESKTOP\CRENDER\BUILD\DEBUG\CRENDER.EXE
C:\Users\Joe\Desktop\CRender\Build\Intermediate\Debug\CRender.vcxprojResolveAssemblyReference.cache
C:\Users\Joe\Desktop\CRender\Build\Intermediate\Debug\Globals.obj
C:\Users\Joe\Desktop\CRender\Build\Intermediate\Debug\Graphics.obj
C:\Users\Joe\Desktop\CRender\Build\Intermediate\Debug\Helpers.obj
C:\Users\Joe\Desktop\CRender\Build\Intermediate\Debug\lodepng.obj
C:\Users\Joe\Desktop\CRender\Build\Intermediate\Debug\main.obj
C:\Users\Joe\Desktop\CRender\Build\Intermediate\Debug\mat3.obj
C:\Users\Joe\Desktop\CRender\Build\Intermediate\Debug\Model.obj
C:\Users\Joe\Desktop\CRender\Build\Intermediate\Debug\str.obj
C:\Users\Joe\Desktop\CRender\Build\Intermediate\Debug\Time.obj
C:\Users\Joe\Desktop\CRender\Build\Intermediate\Debug\cl.command.1.tlog
C:\Users\Joe\Desktop\CRender\Build\Intermediate\Debug\CL.read.1.tlog
C:\Users\Joe\Desktop\CRender\Build\Intermediate\Debug\CL.write.1.tlog
C:\Users\Joe\Desktop\CRender\Build\Intermediate\Debug\CRender.write.1.tlog
C:\Users\Joe\Desktop\CRender\Build\Intermediate\Debug\link-cvtres.read.1.tlog
C:\Users\Joe\Desktop\CRender\Build\Intermediate\Debug\link-cvtres.write.1.tlog
C:\Users\Joe\Desktop\CRender\Build\Intermediate\Debug\link-rc.read.1.tlog
C:\Users\Joe\Desktop\CRender\Build\Intermediate\Debug\link-rc.write.1.tlog
C:\Users\Joe\Desktop\CRender\Build\Intermediate\Debug\link.command.1.tlog
C:\Users\Joe\Desktop\CRender\Build\Intermediate\Debug\link.read.1.tlog
C:\Users\Joe\Desktop\CRender\Build\Intermediate\Debug\link.write.1.tlog
C:\Users\Joe\Desktop\CRender\Build\Intermediate\Debug\mt.command.1.tlog
C:\Users\Joe\Desktop\CRender\Build\Intermediate\Debug\mt.read.1.tlog
C:\Users\Joe\Desktop\CRender\Build\Intermediate\Debug\mt.write.1.tlog
C:\Users\Joe\Desktop\CRender\Build\Intermediate\Debug\CRender.exe.intermediate.manifest
C:\Users\Joe\Desktop\CRender\Build\Intermediate\Debug\vc100.idb
C:\Users\Joe\Desktop\CRender\Build\Intermediate\Debug\vc110.idb
C:\Users\Joe\Desktop\CRender\Build\Intermediate\Debug\vc100.pdb
C:\Users\Joe\Desktop\CRender\Build\Intermediate\Debug\vc110.pdb
