Build started 6/29/2015 9:50:22 PM.
     1>Project "C:\Users\Joe\Desktop\CRender\_Windows\CRender.vcxproj" on node 2 (Build target(s)).
     1>C:\Program Files (x86)\MSBuild\Microsoft.Cpp\v4.0\V110\Microsoft.CppBuild.targets(345,5): warning MSB8004: Intermediate Directory does not end with a trailing slash.  This build instance will add the slash as it is required to allow proper evaluation of the Intermediate Directory.
     1>C:\Program Files (x86)\MSBuild\Microsoft.Cpp\v4.0\V110\Microsoft.CppBuild.targets(346,5): warning MSB8004: Output Directory does not end with a trailing slash.  This build instance will add the slash as it is required to allow proper evaluation of the Output Directory.
     1>ClCompile:
         C:\Program Files (x86)\Microsoft Visual Studio 11.0\VC\bin\CL.exe /c /IC:\Users\Joe\Desktop\CRender\_Windows\\..\Common\Source\Includes /ZI /nologo /W3 /WX- /Od /Oy- /D _BUILD_WIN32 /D _DEBUG_BUILD /D _MBCS /Gm /EHsc /RTC1 /MDd /GS /fp:precise /Zc:wchar_t /Zc:forScope /Fo".\Build/Intermediate/Debug\\" /Fd".\Build/Intermediate/Debug\vc110.pdb" /Gd /TC /analyze- /errorReport:prompt ..\Common\Source\main.c
         main.c
     1>c:\program files (x86)\windows kits\8.0\include\shared\minwindef.h(130): warning C4005: 'APIENTRY' : macro redefinition
                 c:\users\joe\desktop\crender\common\source\includes\glfw\glfw3.h(85) : see previous definition of 'APIENTRY'
     1>c:\users\joe\desktop\crender\common\source\main.c(75): warning C4996: 'strcat': This function or variable may be unsafe. Consider using strcat_s instead. To disable deprecation, use _CRT_SECURE_NO_WARNINGS. See online help for details.
                 c:\program files (x86)\microsoft visual studio 11.0\vc\include\string.h(115) : see declaration of 'strcat'
     1>c:\users\joe\desktop\crender\common\source\main.c(76): warning C4996: 'strcat': This function or variable may be unsafe. Consider using strcat_s instead. To disable deprecation, use _CRT_SECURE_NO_WARNINGS. See online help for details.
                 c:\program files (x86)\microsoft visual studio 11.0\vc\include\string.h(115) : see declaration of 'strcat'
     1>c:\users\joe\desktop\crender\common\source\main.c(77): warning C4996: 'strcat': This function or variable may be unsafe. Consider using strcat_s instead. To disable deprecation, use _CRT_SECURE_NO_WARNINGS. See online help for details.
                 c:\program files (x86)\microsoft visual studio 11.0\vc\include\string.h(115) : see declaration of 'strcat'
     1>c:\users\joe\desktop\crender\common\source\main.c(78): warning C4996: 'strcat': This function or variable may be unsafe. Consider using strcat_s instead. To disable deprecation, use _CRT_SECURE_NO_WARNINGS. See online help for details.
                 c:\program files (x86)\microsoft visual studio 11.0\vc\include\string.h(115) : see declaration of 'strcat'
     1>c:\users\joe\desktop\crender\common\source\main.c(79): warning C4996: 'strcat': This function or variable may be unsafe. Consider using strcat_s instead. To disable deprecation, use _CRT_SECURE_NO_WARNINGS. See online help for details.
                 c:\program files (x86)\microsoft visual studio 11.0\vc\include\string.h(115) : see declaration of 'strcat'
       Link:
         C:\Program Files (x86)\Microsoft Visual Studio 11.0\VC\bin\link.exe /ERRORREPORT:PROMPT /OUT:".\Build/Debug\CRender.exe" /INCREMENTAL /NOLOGO /LIBPATH:C:\Users\Joe\Desktop\CRender\_Windows\\Lib opengl32.lib glfw3.lib glew32s.lib kernel32.lib user32.lib gdi32.lib winspool.lib comdlg32.lib advapi32.lib shell32.lib ole32.lib oleaut32.lib uuid.lib odbc32.lib odbccp32.lib /MANIFEST /MANIFESTUAC:"level='asInvoker' uiAccess='false'" /manifest:embed /DEBUG /PDB:".\Build/Debug\CRender.pdb" /TLBID:1 /DYNAMICBASE /NXCOMPAT /IMPLIB:".\Build/Debug\CRender.lib" /MACHINE:X86 .\Build/Intermediate/Debug\Globals.obj
         .\Build/Intermediate/Debug\Graphics.obj
         .\Build/Intermediate/Debug\Helpers.obj
         .\Build/Intermediate/Debug\lodepng.obj
         .\Build/Intermediate/Debug\main.obj
         .\Build/Intermediate/Debug\Time.obj
         CRender.vcxproj -> C:\Users\Joe\Desktop\CRender\_Windows\.\Build/Debug\CRender.exe
     1>Done Building Project "C:\Users\Joe\Desktop\CRender\_Windows\CRender.vcxproj" (Build target(s)).

Build succeeded.

Time Elapsed 00:00:00.51
