C:\USERS\JOE\DESKTOP\CRENDER\BUILD\INTERMEDIATE\RELEASE\MAIN.OBJ
C:\USERS\JOE\DESKTOP\CRENDER\BUILD\INTERMEDIATE\RELEASE\HELPERS.OBJ
C:\USERS\JOE\DESKTOP\CRENDER\BUILD\INTERMEDIATE\RELEASE\GRAPHICS.OBJ
C:\USERS\JOE\DESKTOP\CRENDER\BUILD\INTERMEDIATE\RELEASE\GLOBALS.OBJ
C:\USERS\JOE\DESKTOP\CRENDER\BUILD\INTERMEDIATE\RELEASE\TIME.OBJ
C:\USERS\JOE\DESKTOP\CRENDER\BUILD\INTERMEDIATE\RELEASE\MODEL.OBJ
C:\USERS\JOE\DESKTOP\CRENDER\BUILD\INTERMEDIATE\RELEASE\LODEPNG.OBJ
C:\USERS\JOE\DESKTOP\CRENDER\BUILD\INTERMEDIATE\RELEASE\VC100.PDB
C:\USERS\JOE\DESKTOP\CRENDERER\BUILD\INTERMEDIATE\RELEASE\LODEPNG.OBJ
C:\USERS\JOE\DESKTOP\CRENDERER\BUILD\INTERMEDIATE\RELEASE\HELPERS.OBJ
C:\USERS\JOE\DESKTOP\CRENDERER\BUILD\INTERMEDIATE\RELEASE\GLOBALS.OBJ
C:\USERS\JOE\DESKTOP\CRENDERER\BUILD\INTERMEDIATE\RELEASE\TIME.OBJ
C:\USERS\JOE\DESKTOP\CRENDER\BUILD\RELEASE\CRENDER.EXE
C:\USERS\JOE\DESKTOP\CRENDER\BUILD\INTERMEDIATE\RELEASE\CRENDER.EXE.INTERMEDIATE.MANIFEST
C:\USERS\JOE\DESKTOP\CRENDER\BUILD\RELEASE\CRENDER.PDB
C:\Users\Joe\Desktop\CRender\Build\Intermediate\Release\CRender.vcxprojResolveAssemblyReference.cache
C:\Users\Joe\Desktop\CRender\Build\Intermediate\Release\Globals.obj
C:\Users\Joe\Desktop\CRender\Build\Intermediate\Release\Graphics.obj
C:\Users\Joe\Desktop\CRender\Build\Intermediate\Release\Helpers.obj
C:\Users\Joe\Desktop\CRender\Build\Intermediate\Release\lodepng.obj
C:\Users\Joe\Desktop\CRender\Build\Intermediate\Release\main.obj
C:\Users\Joe\Desktop\CRender\Build\Intermediate\Release\Model.obj
C:\Users\Joe\Desktop\CRender\Build\Intermediate\Release\Time.obj
C:\Users\Joe\Desktop\CRender\Build\Intermediate\Release\cl.command.1.tlog
C:\Users\Joe\Desktop\CRender\Build\Intermediate\Release\CL.read.1.tlog
C:\Users\Joe\Desktop\CRender\Build\Intermediate\Release\CL.write.1.tlog
C:\Users\Joe\Desktop\CRender\Build\Intermediate\Release\CRender.write.1.tlog
C:\Users\Joe\Desktop\CRender\Build\Intermediate\Release\link.command.1.tlog
C:\Users\Joe\Desktop\CRender\Build\Intermediate\Release\link.read.1.tlog
C:\Users\Joe\Desktop\CRender\Build\Intermediate\Release\link.write.1.tlog
C:\Users\Joe\Desktop\CRender\Build\Intermediate\Release\mt.command.1.tlog
C:\Users\Joe\Desktop\CRender\Build\Intermediate\Release\mt.read.1.tlog
C:\Users\Joe\Desktop\CRender\Build\Intermediate\Release\mt.write.1.tlog
C:\Users\Joe\Desktop\CRender\Build\Intermediate\Release\CRender.exe.intermediate.manifest
C:\Users\Joe\Desktop\CRender\Build\Intermediate\Release\vc100.pdb
C:\Users\Joe\Desktop\CRender\.\Build/Release\CRender.exe
